{
  "RSpec": {
    "coverage": {
      "/Users/tyler.guillen/Documents/workspace/touch-of-modern/emittance/lib/emittance.rb": [
        1,
        1,
        1,
        1,
        1,
        1,
        1,
        1,
        null,
        1,
        1,
        1,
        null,
        1,
        0,
        null,
        null,
        1,
        0,
        null,
        null,
        1,
        4,
        null,
        null,
        null
      ],
      "/Users/tyler.guillen/Documents/workspace/touch-of-modern/emittance/lib/emittance/registration.rb": [
        null,
        1,
        1,
        null,
        1,
        12,
        12,
        null,
        null,
        1,
        6,
        null,
        null
      ],
      "/Users/tyler.guillen/Documents/workspace/touch-of-modern/emittance/lib/emittance/event.rb": [
        1,
        1,
        null,
        1,
        9,
        null,
        null,
        null,
        1,
        9,
        null,
        null,
        null,
        1,
        null,
        1,
        10,
        10,
        10,
        null,
        null,
        1,
        8,
        null,
        null
      ],
      "/Users/tyler.guillen/Documents/workspace/touch-of-modern/emittance/lib/emittance/event/event_builder.rb": [
        null,
        1,
        1,
        null,
        1,
        1,
        22,
        null,
        51,
        21,
        21,
        null,
        null,
        1,
        11,
        11,
        11,
        null,
        11,
        null,
        null,
        1,
        null,
        1,
        22,
        null,
        null,
        1,
        30,
        30,
        30,
        null,
        30,
        null,
        null,
        1,
        60,
        36,
        null,
        null,
        1,
        null,
        null,
        null,
        null,
        11,
        null,
        null,
        1,
        30,
        null,
        null,
        1,
        21,
        null,
        null,
        1,
        11,
        null,
        null,
        1,
        21,
        7,
        null,
        null,
        21,
        null,
        null,
        1,
        7,
        7,
        null,
        null,
        null
      ],
      "/Users/tyler.guillen/Documents/workspace/touch-of-modern/emittance/lib/emittance/emitter.rb": [
        null,
        null,
        null,
        null,
        null,
        null,
        null,
        null,
        null,
        null,
        null,
        null,
        null,
        null,
        null,
        null,
        null,
        null,
        null,
        1,
        1,
        null,
        1,
        4,
        4,
        4,
        null,
        null,
        null,
        null,
        1,
        3,
        null,
        null,
        null,
        1,
        1,
        null,
        null,
        null,
        1,
        7,
        7,
        null,
        0,
        null,
        null,
        null,
        null,
        null,
        1,
        null,
        null,
        null,
        null,
        null,
        null,
        1,
        4,
        4,
        4,
        4,
        null,
        null,
        null,
        null,
        null,
        null,
        null,
        1,
        4,
        4,
        4,
        4,
        null,
        null,
        1,
        null,
        null,
        1,
        8,
        null,
        null,
        null,
        1,
        8,
        null,
        null,
        null,
        null,
        null,
        null,
        null,
        null,
        null,
        null,
        1,
        3,
        3,
        null,
        3,
        3,
        1,
        1,
        null,
        null,
        2,
        null,
        2,
        1,
        null,
        null,
        null,
        null,
        null,
        null,
        null,
        null,
        null
      ],
      "/Users/tyler.guillen/Documents/workspace/touch-of-modern/emittance/lib/emittance/watcher.rb": [
        1,
        1,
        3,
        null,
        null
      ],
      "/Users/tyler.guillen/Documents/workspace/touch-of-modern/emittance/lib/emittance/action.rb": [
        null,
        null,
        null,
        null,
        null,
        null,
        null,
        null,
        null,
        null,
        null,
        null,
        null,
        null,
        null,
        null,
        null,
        null,
        null,
        null,
        null,
        null,
        null,
        null,
        null,
        null,
        null,
        null,
        null,
        null,
        null,
        null,
        null,
        null,
        null,
        null,
        null,
        null,
        null,
        null,
        null,
        null,
        null,
        null,
        null,
        null,
        null,
        null,
        null,
        null,
        null,
        null,
        null,
        null,
        null,
        null,
        null,
        null,
        null,
        null,
        null,
        null,
        null,
        null,
        null,
        null,
        null,
        null,
        null,
        null,
        null,
        null,
        null,
        null,
        null,
        null,
        null,
        null,
        null,
        null,
        null,
        null,
        null,
        null,
        null,
        null,
        null,
        null,
        null,
        null,
        null,
        null,
        null,
        null,
        null,
        null,
        null,
        null,
        null,
        null,
        null,
        null,
        null,
        null,
        null,
        null,
        null,
        null,
        null,
        null,
        null,
        null,
        null,
        null,
        null,
        null,
        null,
        null,
        null,
        null,
        null,
        null,
        null,
        null,
        null,
        null,
        null,
        null,
        null,
        null,
        null,
        null,
        null,
        null,
        1,
        1,
        1,
        null,
        1,
        null,
        1,
        null,
        1,
        1,
        1,
        null,
        1,
        1,
        null,
        1,
        null,
        1,
        4,
        4,
        4,
        null,
        null,
        null,
        null,
        1,
        1,
        null,
        1,
        null,
        null,
        1,
        2,
        null,
        null,
        1,
        2,
        2,
        null,
        2,
        2,
        null,
        null,
        null,
        null,
        null,
        null,
        1,
        1,
        null,
        null,
        null,
        1,
        1,
        null,
        null,
        null,
        1,
        1,
        0,
        null,
        null,
        1,
        null,
        null,
        null
      ],
      "/Users/tyler.guillen/Documents/workspace/touch-of-modern/emittance/lib/emittance/broker.rb": [
        null,
        1,
        1,
        1,
        null,
        1,
        1,
        null,
        1,
        7,
        null,
        7,
        6,
        null,
        null,
        null,
        1,
        12,
        12,
        12,
        null,
        null,
        1,
        4,
        7,
        null,
        null,
        null,
        1,
        9,
        9,
        null,
        null,
        1,
        24,
        24,
        null,
        null,
        1,
        null,
        1,
        45,
        8,
        null,
        37,
        null,
        null,
        null,
        1,
        45,
        null,
        null,
        1,
        44,
        null,
        null,
        1,
        37,
        null,
        null,
        1,
        7,
        null,
        null,
        null
      ]
    },
    "timestamp": 1511942259
  }
}
